#! /usr/bin/vvp
:ivl_version "11.0 (stable)";
:ivl_delay_selection "TYPICAL";
:vpi_time_precision - 9;
:vpi_module "/usr/lib/x86_64-linux-gnu/ivl/system.vpi";
:vpi_module "/usr/lib/x86_64-linux-gnu/ivl/vhdl_sys.vpi";
:vpi_module "/usr/lib/x86_64-linux-gnu/ivl/vhdl_textio.vpi";
:vpi_module "/usr/lib/x86_64-linux-gnu/ivl/v2005_math.vpi";
:vpi_module "/usr/lib/x86_64-linux-gnu/ivl/va_math.vpi";
S_0x557dc8e303a0 .scope module, "top" "top" 2 12;
 .timescale -9 -9;
v0x557dc8e65c40_0 .var "clk", 0 0;
v0x557dc8e65d00_0 .var "ex_wdata_o", 31 0;
v0x557dc8e65dc0_0 .var "hold_flag_i", 2 0;
v0x557dc8e65eb0_0 .net "id_op1_o", 31 0, v0x557dc8e5ef90_0;  1 drivers
v0x557dc8e65f50_0 .net "id_op2_o", 31 0, v0x557dc8e5f0c0_0;  1 drivers
v0x557dc8e66040_0 .net "id_reg1_raddr_o", 4 0, v0x557dc8e5f360_0;  1 drivers
v0x557dc8e66130_0 .net "id_reg2_raddr_o", 4 0, v0x557dc8e5f520_0;  1 drivers
v0x557dc8e66240_0 .net "id_reg_waddr_o", 4 0, v0x557dc8e5f6c0_0;  1 drivers
v0x557dc8e66350_0 .net "id_we_o", 0 0, v0x557dc8e5f780_0;  1 drivers
v0x557dc8e66480_0 .net "ifid_inst_addr_o", 31 0, L_0x557dc8e77020;  1 drivers
v0x557dc8e66590_0 .net "ifid_inst_o", 31 0, L_0x557dc8e30a50;  1 drivers
v0x557dc8e666a0_0 .var "jump_addr_i", 31 0;
v0x557dc8e66760_0 .var "jump_flag_i", 0 0;
v0x557dc8e66800_0 .net "pc_o", 31 0, v0x557dc8e624d0_0;  1 drivers
v0x557dc8e66930_0 .net "regs_reg1_rdata_o", 31 0, v0x557dc8e63150_0;  1 drivers
v0x557dc8e669d0_0 .net "regs_reg2_rdata_o", 31 0, v0x557dc8e631f0_0;  1 drivers
v0x557dc8e66a90_0 .net "rom_inst_o", 31 0, v0x557dc8e659e0_0;  1 drivers
v0x557dc8e66c40_0 .var "rst", 0 0;
v0x557dc8e66ce0_0 .var "start_i", 31 0;
S_0x557dc8df1f90 .scope module, "id_inst" "id" 2 108, 3 3 0, S_0x557dc8e303a0;
 .timescale -9 -9;
    .port_info 0 /INPUT 1 "rst";
    .port_info 1 /INPUT 32 "inst_addr_i";
    .port_info 2 /INPUT 32 "inst_i";
    .port_info 3 /INPUT 32 "reg1_rdata_i";
    .port_info 4 /INPUT 32 "reg2_rdata_i";
    .port_info 5 /OUTPUT 5 "reg1_raddr_o";
    .port_info 6 /OUTPUT 5 "reg2_raddr_o";
    .port_info 7 /OUTPUT 32 "op1_o";
    .port_info 8 /OUTPUT 32 "op2_o";
    .port_info 9 /OUTPUT 1 "reg_we_o";
    .port_info 10 /OUTPUT 5 "reg_waddr_o";
v0x557dc8e3f640_0 .net "funct3", 2 0, L_0x557dc8e77160;  1 drivers
v0x557dc8dfc7f0_0 .net "funct7", 6 0, L_0x557dc8e77230;  1 drivers
v0x557dc8e324b0_0 .net "inst_addr_i", 31 0, L_0x557dc8e77020;  alias, 1 drivers
v0x557dc8e5eeb0_0 .net "inst_i", 31 0, L_0x557dc8e30a50;  alias, 1 drivers
v0x557dc8e5ef90_0 .var "op1_o", 31 0;
v0x557dc8e5f0c0_0 .var "op2_o", 31 0;
v0x557dc8e5f1a0_0 .net "opcode", 6 0, L_0x557dc8e77090;  1 drivers
v0x557dc8e5f280_0 .net "rd", 4 0, L_0x557dc8e77300;  1 drivers
v0x557dc8e5f360_0 .var "reg1_raddr_o", 4 0;
v0x557dc8e5f440_0 .net "reg1_rdata_i", 31 0, v0x557dc8e63150_0;  alias, 1 drivers
v0x557dc8e5f520_0 .var "reg2_raddr_o", 4 0;
v0x557dc8e5f600_0 .net "reg2_rdata_i", 31 0, v0x557dc8e63150_0;  alias, 1 drivers
v0x557dc8e5f6c0_0 .var "reg_waddr_o", 4 0;
v0x557dc8e5f780_0 .var "reg_we_o", 0 0;
v0x557dc8e5f840_0 .net "rs1", 4 0, L_0x557dc8e77400;  1 drivers
v0x557dc8e5f920_0 .net "rs2", 4 0, L_0x557dc8e775e0;  1 drivers
v0x557dc8e5fa00_0 .net "rst", 0 0, v0x557dc8e66c40_0;  1 drivers
E_0x557dc8e0c3c0/0 .event edge, v0x557dc8e5f840_0, v0x557dc8e5f920_0, v0x557dc8e5f1a0_0, v0x557dc8e3f640_0;
E_0x557dc8e0c3c0/1 .event edge, v0x557dc8e5f280_0, v0x557dc8e5f440_0, v0x557dc8e5eeb0_0, v0x557dc8e5f440_0;
E_0x557dc8e0c3c0 .event/or E_0x557dc8e0c3c0/0, E_0x557dc8e0c3c0/1;
L_0x557dc8e77090 .part L_0x557dc8e30a50, 0, 7;
L_0x557dc8e77160 .part L_0x557dc8e30a50, 12, 3;
L_0x557dc8e77230 .part L_0x557dc8e30a50, 25, 7;
L_0x557dc8e77300 .part L_0x557dc8e30a50, 7, 5;
L_0x557dc8e77400 .part L_0x557dc8e30a50, 15, 5;
L_0x557dc8e775e0 .part L_0x557dc8e30a50, 20, 5;
S_0x557dc8e5fc80 .scope module, "if_id_inst" "if_id" 2 98, 4 4 0, S_0x557dc8e303a0;
 .timescale -9 -9;
    .port_info 0 /INPUT 1 "clk";
    .port_info 1 /INPUT 1 "rst";
    .port_info 2 /INPUT 32 "inst_i";
    .port_info 3 /INPUT 32 "inst_addr_i";
    .port_info 4 /INPUT 3 "hold_flag_i";
    .port_info 5 /OUTPUT 32 "inst_o";
    .port_info 6 /OUTPUT 32 "inst_addr_o";
L_0x557dc8e30a50 .functor BUFZ 32, v0x557dc8e61040_0, C4<00000000000000000000000000000000>, C4<00000000000000000000000000000000>, C4<00000000000000000000000000000000>;
L_0x557dc8e77020 .functor BUFZ 32, v0x557dc8e606b0_0, C4<00000000000000000000000000000000>, C4<00000000000000000000000000000000>, C4<00000000000000000000000000000000>;
L_0x7fb540135018 .functor BUFT 1, C4<010>, C4<0>, C4<0>, C4<0>;
v0x557dc8e612d0_0 .net/2u *"_ivl_0", 2 0, L_0x7fb540135018;  1 drivers
v0x557dc8e613d0_0 .net "clk", 0 0, v0x557dc8e65c40_0;  1 drivers
v0x557dc8e614e0_0 .net "hold_en", 0 0, L_0x557dc8e66da0;  1 drivers
v0x557dc8e615d0_0 .net "hold_flag_i", 2 0, v0x557dc8e65dc0_0;  1 drivers
v0x557dc8e61670_0 .net "inst", 31 0, v0x557dc8e61040_0;  1 drivers
v0x557dc8e61780_0 .net "inst_addr", 31 0, v0x557dc8e606b0_0;  1 drivers
v0x557dc8e61820_0 .net "inst_addr_i", 31 0, v0x557dc8e624d0_0;  alias, 1 drivers
v0x557dc8e618c0_0 .net "inst_addr_o", 31 0, L_0x557dc8e77020;  alias, 1 drivers
v0x557dc8e61960_0 .net "inst_i", 31 0, v0x557dc8e659e0_0;  alias, 1 drivers
v0x557dc8e61a30_0 .net "inst_o", 31 0, L_0x557dc8e30a50;  alias, 1 drivers
v0x557dc8e61b00_0 .net "rst", 0 0, v0x557dc8e66c40_0;  alias, 1 drivers
L_0x557dc8e66da0 .cmp/ge 3, v0x557dc8e65dc0_0, L_0x7fb540135018;
S_0x557dc8e5fee0 .scope module, "inst_addr_ff" "gen_pipe_dff" 4 27, 5 3 0, S_0x557dc8e5fc80;
 .timescale -9 -9;
    .port_info 0 /INPUT 1 "clk";
    .port_info 1 /INPUT 1 "rst";
    .port_info 2 /INPUT 1 "hold_en";
    .port_info 3 /INPUT 32 "def_val";
    .port_info 4 /INPUT 32 "din";
    .port_info 5 /OUTPUT 32 "qout";
P_0x557dc8e600c0 .param/l "DW" 0 5 4, +C4<00000000000000000000000000100000>;
v0x557dc8e60240_0 .net "clk", 0 0, v0x557dc8e65c40_0;  alias, 1 drivers
L_0x7fb5401350a8 .functor BUFT 1, C4<00000000000000000000000000000000>, C4<0>, C4<0>, C4<0>;
v0x557dc8e60320_0 .net "def_val", 31 0, L_0x7fb5401350a8;  1 drivers
v0x557dc8e60400_0 .net "din", 31 0, v0x557dc8e624d0_0;  alias, 1 drivers
v0x557dc8e604c0_0 .net "hold_en", 0 0, L_0x557dc8e66da0;  alias, 1 drivers
v0x557dc8e60580_0 .net "qout", 31 0, v0x557dc8e606b0_0;  alias, 1 drivers
v0x557dc8e606b0_0 .var "qout_r", 31 0;
v0x557dc8e60790_0 .net "rst", 0 0, v0x557dc8e66c40_0;  alias, 1 drivers
E_0x557dc8e0c400 .event posedge, v0x557dc8e60240_0;
S_0x557dc8e608d0 .scope module, "inst_ff" "gen_pipe_dff" 4 23, 5 3 0, S_0x557dc8e5fc80;
 .timescale -9 -9;
    .port_info 0 /INPUT 1 "clk";
    .port_info 1 /INPUT 1 "rst";
    .port_info 2 /INPUT 1 "hold_en";
    .port_info 3 /INPUT 32 "def_val";
    .port_info 4 /INPUT 32 "din";
    .port_info 5 /OUTPUT 32 "qout";
P_0x557dc8e60ad0 .param/l "DW" 0 5 4, +C4<00000000000000000000000000100000>;
v0x557dc8e60c10_0 .net "clk", 0 0, v0x557dc8e65c40_0;  alias, 1 drivers
L_0x7fb540135060 .functor BUFT 1, C4<00000000000000000000000000010011>, C4<0>, C4<0>, C4<0>;
v0x557dc8e60cb0_0 .net "def_val", 31 0, L_0x7fb540135060;  1 drivers
v0x557dc8e60d70_0 .net "din", 31 0, v0x557dc8e659e0_0;  alias, 1 drivers
v0x557dc8e60e60_0 .net "hold_en", 0 0, L_0x557dc8e66da0;  alias, 1 drivers
v0x557dc8e60f30_0 .net "qout", 31 0, v0x557dc8e61040_0;  alias, 1 drivers
v0x557dc8e61040_0 .var "qout_r", 31 0;
v0x557dc8e61120_0 .net "rst", 0 0, v0x557dc8e66c40_0;  alias, 1 drivers
S_0x557dc8e61c60 .scope begin, "mem_init" "mem_init" 2 46, 2 46 0, S_0x557dc8e303a0;
 .timescale -9 -9;
v0x557dc8e61e20_0 .var/i "i", 31 0;
S_0x557dc8e61f00 .scope module, "pc_reg_inst" "pc_reg" 2 81, 6 3 0, S_0x557dc8e303a0;
 .timescale -9 -9;
    .port_info 0 /INPUT 1 "clk";
    .port_info 1 /INPUT 1 "rst";
    .port_info 2 /INPUT 32 "start_i";
    .port_info 3 /INPUT 1 "jump_flag_i";
    .port_info 4 /INPUT 32 "jump_addr_i";
    .port_info 5 /INPUT 3 "hold_flag_i";
    .port_info 6 /OUTPUT 32 "pc_o";
v0x557dc8e62190_0 .net "clk", 0 0, v0x557dc8e65c40_0;  alias, 1 drivers
v0x557dc8e62250_0 .net "hold_flag_i", 2 0, v0x557dc8e65dc0_0;  alias, 1 drivers
v0x557dc8e62340_0 .net "jump_addr_i", 31 0, v0x557dc8e666a0_0;  1 drivers
v0x557dc8e62410_0 .net "jump_flag_i", 0 0, v0x557dc8e66760_0;  1 drivers
v0x557dc8e624d0_0 .var "pc_o", 31 0;
v0x557dc8e62630_0 .net "rst", 0 0, v0x557dc8e66c40_0;  alias, 1 drivers
v0x557dc8e626d0_0 .net "start_i", 31 0, v0x557dc8e66ce0_0;  1 drivers
S_0x557dc8e628d0 .scope module, "regs_inst" "regs" 2 122, 7 4 0, S_0x557dc8e303a0;
 .timescale -9 -9;
    .port_info 0 /INPUT 1 "clk";
    .port_info 1 /INPUT 1 "rst";
    .port_info 2 /INPUT 1 "we_i";
    .port_info 3 /INPUT 5 "waddr_i";
    .port_info 4 /INPUT 32 "wdata_i";
    .port_info 5 /INPUT 5 "raddr1_i";
    .port_info 6 /OUTPUT 32 "rdata1_o";
    .port_info 7 /INPUT 5 "raddr2_i";
    .port_info 8 /OUTPUT 32 "rdata2_o";
v0x557dc8e62ea0_0 .net "clk", 0 0, v0x557dc8e65c40_0;  alias, 1 drivers
v0x557dc8e62ff0_0 .net "raddr1_i", 4 0, v0x557dc8e5f360_0;  alias, 1 drivers
v0x557dc8e630b0_0 .net "raddr2_i", 4 0, v0x557dc8e5f520_0;  alias, 1 drivers
v0x557dc8e63150_0 .var "rdata1_o", 31 0;
v0x557dc8e631f0_0 .var "rdata2_o", 31 0;
v0x557dc8e63300 .array "regs", 31 0, 31 0;
v0x557dc8e638d0_0 .net "rst", 0 0, v0x557dc8e66c40_0;  alias, 1 drivers
v0x557dc8e63970_0 .net "waddr_i", 4 0, v0x557dc8e5f6c0_0;  alias, 1 drivers
v0x557dc8e63a30_0 .net "wdata_i", 31 0, v0x557dc8e65d00_0;  1 drivers
v0x557dc8e63b80_0 .net "we_i", 0 0, v0x557dc8e5f780_0;  alias, 1 drivers
E_0x557dc8e0c7e0/0 .event edge, v0x557dc8e5f520_0, v0x557dc8e5f6c0_0, v0x557dc8e5f780_0, v0x557dc8e63a30_0;
v0x557dc8e63300_0 .array/port v0x557dc8e63300, 0;
v0x557dc8e63300_1 .array/port v0x557dc8e63300, 1;
v0x557dc8e63300_2 .array/port v0x557dc8e63300, 2;
v0x557dc8e63300_3 .array/port v0x557dc8e63300, 3;
E_0x557dc8e0c7e0/1 .event edge, v0x557dc8e63300_0, v0x557dc8e63300_1, v0x557dc8e63300_2, v0x557dc8e63300_3;
v0x557dc8e63300_4 .array/port v0x557dc8e63300, 4;
v0x557dc8e63300_5 .array/port v0x557dc8e63300, 5;
v0x557dc8e63300_6 .array/port v0x557dc8e63300, 6;
v0x557dc8e63300_7 .array/port v0x557dc8e63300, 7;
E_0x557dc8e0c7e0/2 .event edge, v0x557dc8e63300_4, v0x557dc8e63300_5, v0x557dc8e63300_6, v0x557dc8e63300_7;
v0x557dc8e63300_8 .array/port v0x557dc8e63300, 8;
v0x557dc8e63300_9 .array/port v0x557dc8e63300, 9;
v0x557dc8e63300_10 .array/port v0x557dc8e63300, 10;
v0x557dc8e63300_11 .array/port v0x557dc8e63300, 11;
E_0x557dc8e0c7e0/3 .event edge, v0x557dc8e63300_8, v0x557dc8e63300_9, v0x557dc8e63300_10, v0x557dc8e63300_11;
v0x557dc8e63300_12 .array/port v0x557dc8e63300, 12;
v0x557dc8e63300_13 .array/port v0x557dc8e63300, 13;
v0x557dc8e63300_14 .array/port v0x557dc8e63300, 14;
v0x557dc8e63300_15 .array/port v0x557dc8e63300, 15;
E_0x557dc8e0c7e0/4 .event edge, v0x557dc8e63300_12, v0x557dc8e63300_13, v0x557dc8e63300_14, v0x557dc8e63300_15;
v0x557dc8e63300_16 .array/port v0x557dc8e63300, 16;
v0x557dc8e63300_17 .array/port v0x557dc8e63300, 17;
v0x557dc8e63300_18 .array/port v0x557dc8e63300, 18;
v0x557dc8e63300_19 .array/port v0x557dc8e63300, 19;
E_0x557dc8e0c7e0/5 .event edge, v0x557dc8e63300_16, v0x557dc8e63300_17, v0x557dc8e63300_18, v0x557dc8e63300_19;
v0x557dc8e63300_20 .array/port v0x557dc8e63300, 20;
v0x557dc8e63300_21 .array/port v0x557dc8e63300, 21;
v0x557dc8e63300_22 .array/port v0x557dc8e63300, 22;
v0x557dc8e63300_23 .array/port v0x557dc8e63300, 23;
E_0x557dc8e0c7e0/6 .event edge, v0x557dc8e63300_20, v0x557dc8e63300_21, v0x557dc8e63300_22, v0x557dc8e63300_23;
v0x557dc8e63300_24 .array/port v0x557dc8e63300, 24;
v0x557dc8e63300_25 .array/port v0x557dc8e63300, 25;
v0x557dc8e63300_26 .array/port v0x557dc8e63300, 26;
v0x557dc8e63300_27 .array/port v0x557dc8e63300, 27;
E_0x557dc8e0c7e0/7 .event edge, v0x557dc8e63300_24, v0x557dc8e63300_25, v0x557dc8e63300_26, v0x557dc8e63300_27;
v0x557dc8e63300_28 .array/port v0x557dc8e63300, 28;
v0x557dc8e63300_29 .array/port v0x557dc8e63300, 29;
v0x557dc8e63300_30 .array/port v0x557dc8e63300, 30;
v0x557dc8e63300_31 .array/port v0x557dc8e63300, 31;
E_0x557dc8e0c7e0/8 .event edge, v0x557dc8e63300_28, v0x557dc8e63300_29, v0x557dc8e63300_30, v0x557dc8e63300_31;
E_0x557dc8e0c7e0 .event/or E_0x557dc8e0c7e0/0, E_0x557dc8e0c7e0/1, E_0x557dc8e0c7e0/2, E_0x557dc8e0c7e0/3, E_0x557dc8e0c7e0/4, E_0x557dc8e0c7e0/5, E_0x557dc8e0c7e0/6, E_0x557dc8e0c7e0/7, E_0x557dc8e0c7e0/8;
E_0x557dc8e62d30/0 .event edge, v0x557dc8e5f360_0, v0x557dc8e5f6c0_0, v0x557dc8e5f780_0, v0x557dc8e63a30_0;
E_0x557dc8e62d30/1 .event edge, v0x557dc8e63300_0, v0x557dc8e63300_1, v0x557dc8e63300_2, v0x557dc8e63300_3;
E_0x557dc8e62d30/2 .event edge, v0x557dc8e63300_4, v0x557dc8e63300_5, v0x557dc8e63300_6, v0x557dc8e63300_7;
E_0x557dc8e62d30/3 .event edge, v0x557dc8e63300_8, v0x557dc8e63300_9, v0x557dc8e63300_10, v0x557dc8e63300_11;
E_0x557dc8e62d30/4 .event edge, v0x557dc8e63300_12, v0x557dc8e63300_13, v0x557dc8e63300_14, v0x557dc8e63300_15;
E_0x557dc8e62d30/5 .event edge, v0x557dc8e63300_16, v0x557dc8e63300_17, v0x557dc8e63300_18, v0x557dc8e63300_19;
E_0x557dc8e62d30/6 .event edge, v0x557dc8e63300_20, v0x557dc8e63300_21, v0x557dc8e63300_22, v0x557dc8e63300_23;
E_0x557dc8e62d30/7 .event edge, v0x557dc8e63300_24, v0x557dc8e63300_25, v0x557dc8e63300_26, v0x557dc8e63300_27;
E_0x557dc8e62d30/8 .event edge, v0x557dc8e63300_28, v0x557dc8e63300_29, v0x557dc8e63300_30, v0x557dc8e63300_31;
E_0x557dc8e62d30 .event/or E_0x557dc8e62d30/0, E_0x557dc8e62d30/1, E_0x557dc8e62d30/2, E_0x557dc8e62d30/3, E_0x557dc8e62d30/4, E_0x557dc8e62d30/5, E_0x557dc8e62d30/6, E_0x557dc8e62d30/7, E_0x557dc8e62d30/8;
S_0x557dc8e63d20 .scope module, "rom_inst" "rom" 2 91, 8 3 0, S_0x557dc8e303a0;
 .timescale -9 -9;
    .port_info 0 /INPUT 1 "clk";
    .port_info 1 /INPUT 1 "rst";
    .port_info 2 /INPUT 32 "addr_i";
    .port_info 3 /OUTPUT 32 "inst_o";
v0x557dc8e64360 .array "_rom", 0 127, 7 0;
v0x557dc8e65850_0 .net "addr_i", 31 0, v0x557dc8e624d0_0;  alias, 1 drivers
v0x557dc8e65910_0 .net "clk", 0 0, v0x557dc8e65c40_0;  alias, 1 drivers
v0x557dc8e659e0_0 .var "inst_o", 31 0;
v0x557dc8e65ad0_0 .net "rst", 0 0, v0x557dc8e66c40_0;  alias, 1 drivers
v0x557dc8e64360_0 .array/port v0x557dc8e64360, 0;
v0x557dc8e64360_1 .array/port v0x557dc8e64360, 1;
E_0x557dc8e63ee0/0 .event edge, v0x557dc8e5fa00_0, v0x557dc8e60400_0, v0x557dc8e64360_0, v0x557dc8e64360_1;
v0x557dc8e64360_2 .array/port v0x557dc8e64360, 2;
v0x557dc8e64360_3 .array/port v0x557dc8e64360, 3;
v0x557dc8e64360_4 .array/port v0x557dc8e64360, 4;
v0x557dc8e64360_5 .array/port v0x557dc8e64360, 5;
E_0x557dc8e63ee0/1 .event edge, v0x557dc8e64360_2, v0x557dc8e64360_3, v0x557dc8e64360_4, v0x557dc8e64360_5;
v0x557dc8e64360_6 .array/port v0x557dc8e64360, 6;
v0x557dc8e64360_7 .array/port v0x557dc8e64360, 7;
v0x557dc8e64360_8 .array/port v0x557dc8e64360, 8;
v0x557dc8e64360_9 .array/port v0x557dc8e64360, 9;
E_0x557dc8e63ee0/2 .event edge, v0x557dc8e64360_6, v0x557dc8e64360_7, v0x557dc8e64360_8, v0x557dc8e64360_9;
v0x557dc8e64360_10 .array/port v0x557dc8e64360, 10;
v0x557dc8e64360_11 .array/port v0x557dc8e64360, 11;
v0x557dc8e64360_12 .array/port v0x557dc8e64360, 12;
v0x557dc8e64360_13 .array/port v0x557dc8e64360, 13;
E_0x557dc8e63ee0/3 .event edge, v0x557dc8e64360_10, v0x557dc8e64360_11, v0x557dc8e64360_12, v0x557dc8e64360_13;
v0x557dc8e64360_14 .array/port v0x557dc8e64360, 14;
v0x557dc8e64360_15 .array/port v0x557dc8e64360, 15;
v0x557dc8e64360_16 .array/port v0x557dc8e64360, 16;
v0x557dc8e64360_17 .array/port v0x557dc8e64360, 17;
E_0x557dc8e63ee0/4 .event edge, v0x557dc8e64360_14, v0x557dc8e64360_15, v0x557dc8e64360_16, v0x557dc8e64360_17;
v0x557dc8e64360_18 .array/port v0x557dc8e64360, 18;
v0x557dc8e64360_19 .array/port v0x557dc8e64360, 19;
v0x557dc8e64360_20 .array/port v0x557dc8e64360, 20;
v0x557dc8e64360_21 .array/port v0x557dc8e64360, 21;
E_0x557dc8e63ee0/5 .event edge, v0x557dc8e64360_18, v0x557dc8e64360_19, v0x557dc8e64360_20, v0x557dc8e64360_21;
v0x557dc8e64360_22 .array/port v0x557dc8e64360, 22;
v0x557dc8e64360_23 .array/port v0x557dc8e64360, 23;
v0x557dc8e64360_24 .array/port v0x557dc8e64360, 24;
v0x557dc8e64360_25 .array/port v0x557dc8e64360, 25;
E_0x557dc8e63ee0/6 .event edge, v0x557dc8e64360_22, v0x557dc8e64360_23, v0x557dc8e64360_24, v0x557dc8e64360_25;
v0x557dc8e64360_26 .array/port v0x557dc8e64360, 26;
v0x557dc8e64360_27 .array/port v0x557dc8e64360, 27;
v0x557dc8e64360_28 .array/port v0x557dc8e64360, 28;
v0x557dc8e64360_29 .array/port v0x557dc8e64360, 29;
E_0x557dc8e63ee0/7 .event edge, v0x557dc8e64360_26, v0x557dc8e64360_27, v0x557dc8e64360_28, v0x557dc8e64360_29;
v0x557dc8e64360_30 .array/port v0x557dc8e64360, 30;
v0x557dc8e64360_31 .array/port v0x557dc8e64360, 31;
v0x557dc8e64360_32 .array/port v0x557dc8e64360, 32;
v0x557dc8e64360_33 .array/port v0x557dc8e64360, 33;
E_0x557dc8e63ee0/8 .event edge, v0x557dc8e64360_30, v0x557dc8e64360_31, v0x557dc8e64360_32, v0x557dc8e64360_33;
v0x557dc8e64360_34 .array/port v0x557dc8e64360, 34;
v0x557dc8e64360_35 .array/port v0x557dc8e64360, 35;
v0x557dc8e64360_36 .array/port v0x557dc8e64360, 36;
v0x557dc8e64360_37 .array/port v0x557dc8e64360, 37;
E_0x557dc8e63ee0/9 .event edge, v0x557dc8e64360_34, v0x557dc8e64360_35, v0x557dc8e64360_36, v0x557dc8e64360_37;
v0x557dc8e64360_38 .array/port v0x557dc8e64360, 38;
v0x557dc8e64360_39 .array/port v0x557dc8e64360, 39;
v0x557dc8e64360_40 .array/port v0x557dc8e64360, 40;
v0x557dc8e64360_41 .array/port v0x557dc8e64360, 41;
E_0x557dc8e63ee0/10 .event edge, v0x557dc8e64360_38, v0x557dc8e64360_39, v0x557dc8e64360_40, v0x557dc8e64360_41;
v0x557dc8e64360_42 .array/port v0x557dc8e64360, 42;
v0x557dc8e64360_43 .array/port v0x557dc8e64360, 43;
v0x557dc8e64360_44 .array/port v0x557dc8e64360, 44;
v0x557dc8e64360_45 .array/port v0x557dc8e64360, 45;
E_0x557dc8e63ee0/11 .event edge, v0x557dc8e64360_42, v0x557dc8e64360_43, v0x557dc8e64360_44, v0x557dc8e64360_45;
v0x557dc8e64360_46 .array/port v0x557dc8e64360, 46;
v0x557dc8e64360_47 .array/port v0x557dc8e64360, 47;
v0x557dc8e64360_48 .array/port v0x557dc8e64360, 48;
v0x557dc8e64360_49 .array/port v0x557dc8e64360, 49;
E_0x557dc8e63ee0/12 .event edge, v0x557dc8e64360_46, v0x557dc8e64360_47, v0x557dc8e64360_48, v0x557dc8e64360_49;
v0x557dc8e64360_50 .array/port v0x557dc8e64360, 50;
v0x557dc8e64360_51 .array/port v0x557dc8e64360, 51;
v0x557dc8e64360_52 .array/port v0x557dc8e64360, 52;
v0x557dc8e64360_53 .array/port v0x557dc8e64360, 53;
E_0x557dc8e63ee0/13 .event edge, v0x557dc8e64360_50, v0x557dc8e64360_51, v0x557dc8e64360_52, v0x557dc8e64360_53;
v0x557dc8e64360_54 .array/port v0x557dc8e64360, 54;
v0x557dc8e64360_55 .array/port v0x557dc8e64360, 55;
v0x557dc8e64360_56 .array/port v0x557dc8e64360, 56;
v0x557dc8e64360_57 .array/port v0x557dc8e64360, 57;
E_0x557dc8e63ee0/14 .event edge, v0x557dc8e64360_54, v0x557dc8e64360_55, v0x557dc8e64360_56, v0x557dc8e64360_57;
v0x557dc8e64360_58 .array/port v0x557dc8e64360, 58;
v0x557dc8e64360_59 .array/port v0x557dc8e64360, 59;
v0x557dc8e64360_60 .array/port v0x557dc8e64360, 60;
v0x557dc8e64360_61 .array/port v0x557dc8e64360, 61;
E_0x557dc8e63ee0/15 .event edge, v0x557dc8e64360_58, v0x557dc8e64360_59, v0x557dc8e64360_60, v0x557dc8e64360_61;
v0x557dc8e64360_62 .array/port v0x557dc8e64360, 62;
v0x557dc8e64360_63 .array/port v0x557dc8e64360, 63;
v0x557dc8e64360_64 .array/port v0x557dc8e64360, 64;
v0x557dc8e64360_65 .array/port v0x557dc8e64360, 65;
E_0x557dc8e63ee0/16 .event edge, v0x557dc8e64360_62, v0x557dc8e64360_63, v0x557dc8e64360_64, v0x557dc8e64360_65;
v0x557dc8e64360_66 .array/port v0x557dc8e64360, 66;
v0x557dc8e64360_67 .array/port v0x557dc8e64360, 67;
v0x557dc8e64360_68 .array/port v0x557dc8e64360, 68;
v0x557dc8e64360_69 .array/port v0x557dc8e64360, 69;
E_0x557dc8e63ee0/17 .event edge, v0x557dc8e64360_66, v0x557dc8e64360_67, v0x557dc8e64360_68, v0x557dc8e64360_69;
v0x557dc8e64360_70 .array/port v0x557dc8e64360, 70;
v0x557dc8e64360_71 .array/port v0x557dc8e64360, 71;
v0x557dc8e64360_72 .array/port v0x557dc8e64360, 72;
v0x557dc8e64360_73 .array/port v0x557dc8e64360, 73;
E_0x557dc8e63ee0/18 .event edge, v0x557dc8e64360_70, v0x557dc8e64360_71, v0x557dc8e64360_72, v0x557dc8e64360_73;
v0x557dc8e64360_74 .array/port v0x557dc8e64360, 74;
v0x557dc8e64360_75 .array/port v0x557dc8e64360, 75;
v0x557dc8e64360_76 .array/port v0x557dc8e64360, 76;
v0x557dc8e64360_77 .array/port v0x557dc8e64360, 77;
E_0x557dc8e63ee0/19 .event edge, v0x557dc8e64360_74, v0x557dc8e64360_75, v0x557dc8e64360_76, v0x557dc8e64360_77;
v0x557dc8e64360_78 .array/port v0x557dc8e64360, 78;
v0x557dc8e64360_79 .array/port v0x557dc8e64360, 79;
v0x557dc8e64360_80 .array/port v0x557dc8e64360, 80;
v0x557dc8e64360_81 .array/port v0x557dc8e64360, 81;
E_0x557dc8e63ee0/20 .event edge, v0x557dc8e64360_78, v0x557dc8e64360_79, v0x557dc8e64360_80, v0x557dc8e64360_81;
v0x557dc8e64360_82 .array/port v0x557dc8e64360, 82;
v0x557dc8e64360_83 .array/port v0x557dc8e64360, 83;
v0x557dc8e64360_84 .array/port v0x557dc8e64360, 84;
v0x557dc8e64360_85 .array/port v0x557dc8e64360, 85;
E_0x557dc8e63ee0/21 .event edge, v0x557dc8e64360_82, v0x557dc8e64360_83, v0x557dc8e64360_84, v0x557dc8e64360_85;
v0x557dc8e64360_86 .array/port v0x557dc8e64360, 86;
v0x557dc8e64360_87 .array/port v0x557dc8e64360, 87;
v0x557dc8e64360_88 .array/port v0x557dc8e64360, 88;
v0x557dc8e64360_89 .array/port v0x557dc8e64360, 89;
E_0x557dc8e63ee0/22 .event edge, v0x557dc8e64360_86, v0x557dc8e64360_87, v0x557dc8e64360_88, v0x557dc8e64360_89;
v0x557dc8e64360_90 .array/port v0x557dc8e64360, 90;
v0x557dc8e64360_91 .array/port v0x557dc8e64360, 91;
v0x557dc8e64360_92 .array/port v0x557dc8e64360, 92;
v0x557dc8e64360_93 .array/port v0x557dc8e64360, 93;
E_0x557dc8e63ee0/23 .event edge, v0x557dc8e64360_90, v0x557dc8e64360_91, v0x557dc8e64360_92, v0x557dc8e64360_93;
v0x557dc8e64360_94 .array/port v0x557dc8e64360, 94;
v0x557dc8e64360_95 .array/port v0x557dc8e64360, 95;
v0x557dc8e64360_96 .array/port v0x557dc8e64360, 96;
v0x557dc8e64360_97 .array/port v0x557dc8e64360, 97;
E_0x557dc8e63ee0/24 .event edge, v0x557dc8e64360_94, v0x557dc8e64360_95, v0x557dc8e64360_96, v0x557dc8e64360_97;
v0x557dc8e64360_98 .array/port v0x557dc8e64360, 98;
v0x557dc8e64360_99 .array/port v0x557dc8e64360, 99;
v0x557dc8e64360_100 .array/port v0x557dc8e64360, 100;
v0x557dc8e64360_101 .array/port v0x557dc8e64360, 101;
E_0x557dc8e63ee0/25 .event edge, v0x557dc8e64360_98, v0x557dc8e64360_99, v0x557dc8e64360_100, v0x557dc8e64360_101;
v0x557dc8e64360_102 .array/port v0x557dc8e64360, 102;
v0x557dc8e64360_103 .array/port v0x557dc8e64360, 103;
v0x557dc8e64360_104 .array/port v0x557dc8e64360, 104;
v0x557dc8e64360_105 .array/port v0x557dc8e64360, 105;
E_0x557dc8e63ee0/26 .event edge, v0x557dc8e64360_102, v0x557dc8e64360_103, v0x557dc8e64360_104, v0x557dc8e64360_105;
v0x557dc8e64360_106 .array/port v0x557dc8e64360, 106;
v0x557dc8e64360_107 .array/port v0x557dc8e64360, 107;
v0x557dc8e64360_108 .array/port v0x557dc8e64360, 108;
v0x557dc8e64360_109 .array/port v0x557dc8e64360, 109;
E_0x557dc8e63ee0/27 .event edge, v0x557dc8e64360_106, v0x557dc8e64360_107, v0x557dc8e64360_108, v0x557dc8e64360_109;
v0x557dc8e64360_110 .array/port v0x557dc8e64360, 110;
v0x557dc8e64360_111 .array/port v0x557dc8e64360, 111;
v0x557dc8e64360_112 .array/port v0x557dc8e64360, 112;
v0x557dc8e64360_113 .array/port v0x557dc8e64360, 113;
E_0x557dc8e63ee0/28 .event edge, v0x557dc8e64360_110, v0x557dc8e64360_111, v0x557dc8e64360_112, v0x557dc8e64360_113;
v0x557dc8e64360_114 .array/port v0x557dc8e64360, 114;
v0x557dc8e64360_115 .array/port v0x557dc8e64360, 115;
v0x557dc8e64360_116 .array/port v0x557dc8e64360, 116;
v0x557dc8e64360_117 .array/port v0x557dc8e64360, 117;
E_0x557dc8e63ee0/29 .event edge, v0x557dc8e64360_114, v0x557dc8e64360_115, v0x557dc8e64360_116, v0x557dc8e64360_117;
v0x557dc8e64360_118 .array/port v0x557dc8e64360, 118;
v0x557dc8e64360_119 .array/port v0x557dc8e64360, 119;
v0x557dc8e64360_120 .array/port v0x557dc8e64360, 120;
v0x557dc8e64360_121 .array/port v0x557dc8e64360, 121;
E_0x557dc8e63ee0/30 .event edge, v0x557dc8e64360_118, v0x557dc8e64360_119, v0x557dc8e64360_120, v0x557dc8e64360_121;
v0x557dc8e64360_122 .array/port v0x557dc8e64360, 122;
v0x557dc8e64360_123 .array/port v0x557dc8e64360, 123;
v0x557dc8e64360_124 .array/port v0x557dc8e64360, 124;
v0x557dc8e64360_125 .array/port v0x557dc8e64360, 125;
E_0x557dc8e63ee0/31 .event edge, v0x557dc8e64360_122, v0x557dc8e64360_123, v0x557dc8e64360_124, v0x557dc8e64360_125;
v0x557dc8e64360_126 .array/port v0x557dc8e64360, 126;
v0x557dc8e64360_127 .array/port v0x557dc8e64360, 127;
E_0x557dc8e63ee0/32 .event edge, v0x557dc8e64360_126, v0x557dc8e64360_127;
E_0x557dc8e63ee0 .event/or E_0x557dc8e63ee0/0, E_0x557dc8e63ee0/1, E_0x557dc8e63ee0/2, E_0x557dc8e63ee0/3, E_0x557dc8e63ee0/4, E_0x557dc8e63ee0/5, E_0x557dc8e63ee0/6, E_0x557dc8e63ee0/7, E_0x557dc8e63ee0/8, E_0x557dc8e63ee0/9, E_0x557dc8e63ee0/10, E_0x557dc8e63ee0/11, E_0x557dc8e63ee0/12, E_0x557dc8e63ee0/13, E_0x557dc8e63ee0/14, E_0x557dc8e63ee0/15, E_0x557dc8e63ee0/16, E_0x557dc8e63ee0/17, E_0x557dc8e63ee0/18, E_0x557dc8e63ee0/19, E_0x557dc8e63ee0/20, E_0x557dc8e63ee0/21, E_0x557dc8e63ee0/22, E_0x557dc8e63ee0/23, E_0x557dc8e63ee0/24, E_0x557dc8e63ee0/25, E_0x557dc8e63ee0/26, E_0x557dc8e63ee0/27, E_0x557dc8e63ee0/28, E_0x557dc8e63ee0/29, E_0x557dc8e63ee0/30, E_0x557dc8e63ee0/31, E_0x557dc8e63ee0/32;
    .scope S_0x557dc8e61f00;
T_0 ;
    %wait E_0x557dc8e0c400;
    %load/vec4 v0x557dc8e62630_0;
    %cmpi/e 1, 0, 1;
    %jmp/0xz  T_0.0, 4;
    %pushi/vec4 0, 0, 32;
    %assign/vec4 v0x557dc8e624d0_0, 0;
    %jmp T_0.1;
T_0.0 ;
    %load/vec4 v0x557dc8e62410_0;
    %cmpi/e 1, 0, 1;
    %jmp/0xz  T_0.2, 4;
    %load/vec4 v0x557dc8e62340_0;
    %assign/vec4 v0x557dc8e624d0_0, 0;
    %jmp T_0.3;
T_0.2 ;
    %load/vec4 v0x557dc8e62250_0;
    %cmpi/u 1, 0, 3;
    %flag_inv 5; GE is !LT
    %jmp/0xz  T_0.4, 5;
    %load/vec4 v0x557dc8e624d0_0;
    %assign/vec4 v0x557dc8e624d0_0, 0;
    %jmp T_0.5;
T_0.4 ;
    %load/vec4 v0x557dc8e624d0_0;
    %addi 4, 0, 32;
    %assign/vec4 v0x557dc8e624d0_0, 0;
T_0.5 ;
T_0.3 ;
T_0.1 ;
    %jmp T_0;
    .thread T_0;
    .scope S_0x557dc8e63d20;
T_1 ;
    %vpi_call 8 12 "$readmemh", "/home/joknem/workspace/joknem_rv32/user/data/inst.data", v0x557dc8e64360, 32'sb00000000000000000000000000000000, 32'sb00000000000000000000000001111111 {0 0 0};
    %end;
    .thread T_1;
    .scope S_0x557dc8e63d20;
T_2 ;
    %wait E_0x557dc8e63ee0;
    %load/vec4 v0x557dc8e65ad0_0;
    %cmpi/e 1, 0, 1;
    %jmp/0xz  T_2.0, 4;
    %pushi/vec4 19, 0, 32;
    %store/vec4 v0x557dc8e659e0_0, 0, 32;
    %jmp T_2.1;
T_2.0 ;
    %load/vec4 v0x557dc8e65850_0;
    %parti/s 30, 2, 3;
    %concati/vec4 0, 0, 2;
    %ix/vec4 4;
    %load/vec4a v0x557dc8e64360, 4;
    %load/vec4 v0x557dc8e65850_0;
    %parti/s 30, 2, 3;
    %concati/vec4 1, 0, 2;
    %ix/vec4 4;
    %load/vec4a v0x557dc8e64360, 4;
    %concat/vec4; draw_concat_vec4
    %load/vec4 v0x557dc8e65850_0;
    %parti/s 30, 2, 3;
    %concati/vec4 2, 0, 2;
    %ix/vec4 4;
    %load/vec4a v0x557dc8e64360, 4;
    %concat/vec4; draw_concat_vec4
    %load/vec4 v0x557dc8e65850_0;
    %parti/s 30, 2, 3;
    %concati/vec4 3, 0, 2;
    %ix/vec4 4;
    %load/vec4a v0x557dc8e64360, 4;
    %concat/vec4; draw_concat_vec4
    %store/vec4 v0x557dc8e659e0_0, 0, 32;
T_2.1 ;
    %jmp T_2;
    .thread T_2, $push;
    .scope S_0x557dc8e608d0;
T_3 ;
    %wait E_0x557dc8e0c400;
    %load/vec4 v0x557dc8e61120_0;
    %pushi/vec4 1, 0, 1;
    %cmp/e;
    %flag_get/vec4 4;
    %load/vec4 v0x557dc8e60e60_0;
    %or;
    %flag_set/vec4 8;
    %jmp/0xz  T_3.0, 8;
    %load/vec4 v0x557dc8e60cb0_0;
    %assign/vec4 v0x557dc8e61040_0, 0;
    %jmp T_3.1;
T_3.0 ;
    %load/vec4 v0x557dc8e60d70_0;
    %assign/vec4 v0x557dc8e61040_0, 0;
T_3.1 ;
    %jmp T_3;
    .thread T_3;
    .scope S_0x557dc8e5fee0;
T_4 ;
    %wait E_0x557dc8e0c400;
    %load/vec4 v0x557dc8e60790_0;
    %pushi/vec4 1, 0, 1;
    %cmp/e;
    %flag_get/vec4 4;
    %load/vec4 v0x557dc8e604c0_0;
    %or;
    %flag_set/vec4 8;
    %jmp/0xz  T_4.0, 8;
    %load/vec4 v0x557dc8e60320_0;
    %assign/vec4 v0x557dc8e606b0_0, 0;
    %jmp T_4.1;
T_4.0 ;
    %load/vec4 v0x557dc8e60400_0;
    %assign/vec4 v0x557dc8e606b0_0, 0;
T_4.1 ;
    %jmp T_4;
    .thread T_4;
    .scope S_0x557dc8df1f90;
T_5 ;
    %wait E_0x557dc8e0c3c0;
    %load/vec4 v0x557dc8e5f840_0;
    %store/vec4 v0x557dc8e5f360_0, 0, 5;
    %load/vec4 v0x557dc8e5f920_0;
    %store/vec4 v0x557dc8e5f520_0, 0, 5;
    %pushi/vec4 0, 0, 32;
    %store/vec4 v0x557dc8e5ef90_0, 0, 32;
    %pushi/vec4 0, 0, 32;
    %store/vec4 v0x557dc8e5f0c0_0, 0, 32;
    %load/vec4 v0x557dc8e5f1a0_0;
    %dup/vec4;
    %pushi/vec4 19, 0, 7;
    %cmp/u;
    %jmp/1 T_5.0, 6;
    %dup/vec4;
    %pushi/vec4 51, 0, 7;
    %cmp/u;
    %jmp/1 T_5.1, 6;
    %jmp T_5.3;
T_5.0 ;
    %load/vec4 v0x557dc8e3f640_0;
    %dup/vec4;
    %pushi/vec4 0, 0, 3;
    %cmp/u;
    %jmp/1 T_5.4, 6;
    %dup/vec4;
    %pushi/vec4 2, 0, 3;
    %cmp/u;
    %jmp/1 T_5.5, 6;
    %dup/vec4;
    %pushi/vec4 3, 0, 3;
    %cmp/u;
    %jmp/1 T_5.6, 6;
    %dup/vec4;
    %pushi/vec4 4, 0, 3;
    %cmp/u;
    %jmp/1 T_5.7, 6;
    %dup/vec4;
    %pushi/vec4 6, 0, 3;
    %cmp/u;
    %jmp/1 T_5.8, 6;
    %dup/vec4;
    %pushi/vec4 7, 0, 3;
    %cmp/u;
    %jmp/1 T_5.9, 6;
    %dup/vec4;
    %pushi/vec4 1, 0, 3;
    %cmp/u;
    %jmp/1 T_5.10, 6;
    %dup/vec4;
    %pushi/vec4 5, 0, 3;
    %cmp/u;
    %jmp/1 T_5.11, 6;
    %pushi/vec4 0, 0, 1;
    %store/vec4 v0x557dc8e5f780_0, 0, 1;
    %pushi/vec4 0, 0, 5;
    %store/vec4 v0x557dc8e5f6c0_0, 0, 5;
    %pushi/vec4 0, 0, 5;
    %store/vec4 v0x557dc8e5f360_0, 0, 5;
    %pushi/vec4 0, 0, 5;
    %store/vec4 v0x557dc8e5f520_0, 0, 5;
    %jmp T_5.13;
T_5.4 ;
    %pushi/vec4 1, 0, 1;
    %store/vec4 v0x557dc8e5f780_0, 0, 1;
    %load/vec4 v0x557dc8e5f280_0;
    %store/vec4 v0x557dc8e5f6c0_0, 0, 5;
    %load/vec4 v0x557dc8e5f840_0;
    %store/vec4 v0x557dc8e5f360_0, 0, 5;
    %pushi/vec4 0, 0, 5;
    %store/vec4 v0x557dc8e5f520_0, 0, 5;
    %load/vec4 v0x557dc8e5f440_0;
    %store/vec4 v0x557dc8e5ef90_0, 0, 32;
    %load/vec4 v0x557dc8e5eeb0_0;
    %parti/s 1, 31, 6;
    %replicate 20;
    %load/vec4 v0x557dc8e5eeb0_0;
    %parti/s 12, 20, 6;
    %concat/vec4; draw_concat_vec4
    %store/vec4 v0x557dc8e5f0c0_0, 0, 32;
    %jmp T_5.13;
T_5.5 ;
    %pushi/vec4 1, 0, 1;
    %store/vec4 v0x557dc8e5f780_0, 0, 1;
    %load/vec4 v0x557dc8e5f280_0;
    %store/vec4 v0x557dc8e5f6c0_0, 0, 5;
    %load/vec4 v0x557dc8e5f840_0;
    %store/vec4 v0x557dc8e5f360_0, 0, 5;
    %pushi/vec4 0, 0, 5;
    %store/vec4 v0x557dc8e5f520_0, 0, 5;
    %load/vec4 v0x557dc8e5f440_0;
    %store/vec4 v0x557dc8e5ef90_0, 0, 32;
    %load/vec4 v0x557dc8e5eeb0_0;
    %parti/s 1, 31, 6;
    %replicate 20;
    %load/vec4 v0x557dc8e5eeb0_0;
    %parti/s 12, 20, 6;
    %concat/vec4; draw_concat_vec4
    %store/vec4 v0x557dc8e5f0c0_0, 0, 32;
    %jmp T_5.13;
T_5.6 ;
    %pushi/vec4 1, 0, 1;
    %store/vec4 v0x557dc8e5f780_0, 0, 1;
    %load/vec4 v0x557dc8e5f280_0;
    %store/vec4 v0x557dc8e5f6c0_0, 0, 5;
    %load/vec4 v0x557dc8e5f840_0;
    %store/vec4 v0x557dc8e5f360_0, 0, 5;
    %pushi/vec4 0, 0, 5;
    %store/vec4 v0x557dc8e5f520_0, 0, 5;
    %load/vec4 v0x557dc8e5f440_0;
    %store/vec4 v0x557dc8e5ef90_0, 0, 32;
    %load/vec4 v0x557dc8e5eeb0_0;
    %parti/s 1, 31, 6;
    %replicate 20;
    %load/vec4 v0x557dc8e5eeb0_0;
    %parti/s 12, 20, 6;
    %concat/vec4; draw_concat_vec4
    %store/vec4 v0x557dc8e5f0c0_0, 0, 32;
    %jmp T_5.13;
T_5.7 ;
    %pushi/vec4 1, 0, 1;
    %store/vec4 v0x557dc8e5f780_0, 0, 1;
    %load/vec4 v0x557dc8e5f280_0;
    %store/vec4 v0x557dc8e5f6c0_0, 0, 5;
    %load/vec4 v0x557dc8e5f840_0;
    %store/vec4 v0x557dc8e5f360_0, 0, 5;
    %pushi/vec4 0, 0, 5;
    %store/vec4 v0x557dc8e5f520_0, 0, 5;
    %load/vec4 v0x557dc8e5f440_0;
    %store/vec4 v0x557dc8e5ef90_0, 0, 32;
    %load/vec4 v0x557dc8e5eeb0_0;
    %parti/s 1, 31, 6;
    %replicate 20;
    %load/vec4 v0x557dc8e5eeb0_0;
    %parti/s 12, 20, 6;
    %concat/vec4; draw_concat_vec4
    %store/vec4 v0x557dc8e5f0c0_0, 0, 32;
    %jmp T_5.13;
T_5.8 ;
    %pushi/vec4 1, 0, 1;
    %store/vec4 v0x557dc8e5f780_0, 0, 1;
    %load/vec4 v0x557dc8e5f280_0;
    %store/vec4 v0x557dc8e5f6c0_0, 0, 5;
    %load/vec4 v0x557dc8e5f840_0;
    %store/vec4 v0x557dc8e5f360_0, 0, 5;
    %pushi/vec4 0, 0, 5;
    %store/vec4 v0x557dc8e5f520_0, 0, 5;
    %load/vec4 v0x557dc8e5f440_0;
    %store/vec4 v0x557dc8e5ef90_0, 0, 32;
    %load/vec4 v0x557dc8e5eeb0_0;
    %parti/s 1, 31, 6;
    %replicate 20;
    %load/vec4 v0x557dc8e5eeb0_0;
    %parti/s 12, 20, 6;
    %concat/vec4; draw_concat_vec4
    %store/vec4 v0x557dc8e5f0c0_0, 0, 32;
    %jmp T_5.13;
T_5.9 ;
    %pushi/vec4 1, 0, 1;
    %store/vec4 v0x557dc8e5f780_0, 0, 1;
    %load/vec4 v0x557dc8e5f280_0;
    %store/vec4 v0x557dc8e5f6c0_0, 0, 5;
    %load/vec4 v0x557dc8e5f840_0;
    %store/vec4 v0x557dc8e5f360_0, 0, 5;
    %pushi/vec4 0, 0, 5;
    %store/vec4 v0x557dc8e5f520_0, 0, 5;
    %load/vec4 v0x557dc8e5f440_0;
    %store/vec4 v0x557dc8e5ef90_0, 0, 32;
    %load/vec4 v0x557dc8e5eeb0_0;
    %parti/s 1, 31, 6;
    %replicate 20;
    %load/vec4 v0x557dc8e5eeb0_0;
    %parti/s 12, 20, 6;
    %concat/vec4; draw_concat_vec4
    %store/vec4 v0x557dc8e5f0c0_0, 0, 32;
    %jmp T_5.13;
T_5.10 ;
    %pushi/vec4 1, 0, 1;
    %store/vec4 v0x557dc8e5f780_0, 0, 1;
    %load/vec4 v0x557dc8e5f280_0;
    %store/vec4 v0x557dc8e5f6c0_0, 0, 5;
    %load/vec4 v0x557dc8e5f840_0;
    %store/vec4 v0x557dc8e5f360_0, 0, 5;
    %pushi/vec4 0, 0, 5;
    %store/vec4 v0x557dc8e5f520_0, 0, 5;
    %load/vec4 v0x557dc8e5f440_0;
    %store/vec4 v0x557dc8e5ef90_0, 0, 32;
    %load/vec4 v0x557dc8e5eeb0_0;
    %parti/s 1, 31, 6;
    %replicate 20;
    %load/vec4 v0x557dc8e5eeb0_0;
    %parti/s 12, 20, 6;
    %concat/vec4; draw_concat_vec4
    %store/vec4 v0x557dc8e5f0c0_0, 0, 32;
    %jmp T_5.13;
T_5.11 ;
    %pushi/vec4 1, 0, 1;
    %store/vec4 v0x557dc8e5f780_0, 0, 1;
    %load/vec4 v0x557dc8e5f280_0;
    %store/vec4 v0x557dc8e5f6c0_0, 0, 5;
    %load/vec4 v0x557dc8e5f840_0;
    %store/vec4 v0x557dc8e5f360_0, 0, 5;
    %pushi/vec4 0, 0, 5;
    %store/vec4 v0x557dc8e5f520_0, 0, 5;
    %load/vec4 v0x557dc8e5f440_0;
    %store/vec4 v0x557dc8e5ef90_0, 0, 32;
    %load/vec4 v0x557dc8e5eeb0_0;
    %parti/s 1, 31, 6;
    %replicate 20;
    %load/vec4 v0x557dc8e5eeb0_0;
    %parti/s 12, 20, 6;
    %concat/vec4; draw_concat_vec4
    %store/vec4 v0x557dc8e5f0c0_0, 0, 32;
    %jmp T_5.13;
T_5.13 ;
    %pop/vec4 1;
    %jmp T_5.3;
T_5.1 ;
    %load/vec4 v0x557dc8e3f640_0;
    %dup/vec4;
    %pushi/vec4 0, 0, 3;
    %cmp/u;
    %jmp/1 T_5.14, 6;
    %dup/vec4;
    %pushi/vec4 1, 0, 3;
    %cmp/u;
    %jmp/1 T_5.15, 6;
    %dup/vec4;
    %pushi/vec4 2, 0, 3;
    %cmp/u;
    %jmp/1 T_5.16, 6;
    %dup/vec4;
    %pushi/vec4 3, 0, 3;
    %cmp/u;
    %jmp/1 T_5.17, 6;
    %dup/vec4;
    %pushi/vec4 4, 0, 3;
    %cmp/u;
    %jmp/1 T_5.18, 6;
    %dup/vec4;
    %pushi/vec4 5, 0, 3;
    %cmp/u;
    %jmp/1 T_5.19, 6;
    %dup/vec4;
    %pushi/vec4 6, 0, 3;
    %cmp/u;
    %jmp/1 T_5.20, 6;
    %dup/vec4;
    %pushi/vec4 7, 0, 3;
    %cmp/u;
    %jmp/1 T_5.21, 6;
    %pushi/vec4 0, 0, 1;
    %store/vec4 v0x557dc8e5f780_0, 0, 1;
    %pushi/vec4 0, 0, 5;
    %store/vec4 v0x557dc8e5f6c0_0, 0, 5;
    %pushi/vec4 0, 0, 5;
    %store/vec4 v0x557dc8e5f360_0, 0, 5;
    %pushi/vec4 0, 0, 5;
    %store/vec4 v0x557dc8e5f520_0, 0, 5;
    %jmp T_5.23;
T_5.14 ;
    %pushi/vec4 0, 0, 1;
    %store/vec4 v0x557dc8e5f780_0, 0, 1;
    %load/vec4 v0x557dc8e5f280_0;
    %store/vec4 v0x557dc8e5f6c0_0, 0, 5;
    %load/vec4 v0x557dc8e5f840_0;
    %store/vec4 v0x557dc8e5f360_0, 0, 5;
    %load/vec4 v0x557dc8e5f920_0;
    %store/vec4 v0x557dc8e5f520_0, 0, 5;
    %load/vec4 v0x557dc8e5f440_0;
    %store/vec4 v0x557dc8e5ef90_0, 0, 32;
    %load/vec4 v0x557dc8e5f600_0;
    %store/vec4 v0x557dc8e5f0c0_0, 0, 32;
    %jmp T_5.23;
T_5.15 ;
    %pushi/vec4 0, 0, 1;
    %store/vec4 v0x557dc8e5f780_0, 0, 1;
    %load/vec4 v0x557dc8e5f280_0;
    %store/vec4 v0x557dc8e5f6c0_0, 0, 5;
    %load/vec4 v0x557dc8e5f840_0;
    %store/vec4 v0x557dc8e5f360_0, 0, 5;
    %load/vec4 v0x557dc8e5f920_0;
    %store/vec4 v0x557dc8e5f520_0, 0, 5;
    %load/vec4 v0x557dc8e5f440_0;
    %store/vec4 v0x557dc8e5ef90_0, 0, 32;
    %load/vec4 v0x557dc8e5f600_0;
    %store/vec4 v0x557dc8e5f0c0_0, 0, 32;
    %jmp T_5.23;
T_5.16 ;
    %pushi/vec4 0, 0, 1;
    %store/vec4 v0x557dc8e5f780_0, 0, 1;
    %load/vec4 v0x557dc8e5f280_0;
    %store/vec4 v0x557dc8e5f6c0_0, 0, 5;
    %load/vec4 v0x557dc8e5f840_0;
    %store/vec4 v0x557dc8e5f360_0, 0, 5;
    %load/vec4 v0x557dc8e5f920_0;
    %store/vec4 v0x557dc8e5f520_0, 0, 5;
    %load/vec4 v0x557dc8e5f440_0;
    %store/vec4 v0x557dc8e5ef90_0, 0, 32;
    %load/vec4 v0x557dc8e5f600_0;
    %store/vec4 v0x557dc8e5f0c0_0, 0, 32;
    %jmp T_5.23;
T_5.17 ;
    %pushi/vec4 0, 0, 1;
    %store/vec4 v0x557dc8e5f780_0, 0, 1;
    %load/vec4 v0x557dc8e5f280_0;
    %store/vec4 v0x557dc8e5f6c0_0, 0, 5;
    %load/vec4 v0x557dc8e5f840_0;
    %store/vec4 v0x557dc8e5f360_0, 0, 5;
    %load/vec4 v0x557dc8e5f920_0;
    %store/vec4 v0x557dc8e5f520_0, 0, 5;
    %load/vec4 v0x557dc8e5f440_0;
    %store/vec4 v0x557dc8e5ef90_0, 0, 32;
    %load/vec4 v0x557dc8e5f600_0;
    %store/vec4 v0x557dc8e5f0c0_0, 0, 32;
    %jmp T_5.23;
T_5.18 ;
    %pushi/vec4 0, 0, 1;
    %store/vec4 v0x557dc8e5f780_0, 0, 1;
    %load/vec4 v0x557dc8e5f280_0;
    %store/vec4 v0x557dc8e5f6c0_0, 0, 5;
    %load/vec4 v0x557dc8e5f840_0;
    %store/vec4 v0x557dc8e5f360_0, 0, 5;
    %load/vec4 v0x557dc8e5f920_0;
    %store/vec4 v0x557dc8e5f520_0, 0, 5;
    %load/vec4 v0x557dc8e5f440_0;
    %store/vec4 v0x557dc8e5ef90_0, 0, 32;
    %load/vec4 v0x557dc8e5f600_0;
    %store/vec4 v0x557dc8e5f0c0_0, 0, 32;
    %jmp T_5.23;
T_5.19 ;
    %pushi/vec4 0, 0, 1;
    %store/vec4 v0x557dc8e5f780_0, 0, 1;
    %load/vec4 v0x557dc8e5f280_0;
    %store/vec4 v0x557dc8e5f6c0_0, 0, 5;
    %load/vec4 v0x557dc8e5f840_0;
    %store/vec4 v0x557dc8e5f360_0, 0, 5;
    %load/vec4 v0x557dc8e5f920_0;
    %store/vec4 v0x557dc8e5f520_0, 0, 5;
    %load/vec4 v0x557dc8e5f440_0;
    %store/vec4 v0x557dc8e5ef90_0, 0, 32;
    %load/vec4 v0x557dc8e5f600_0;
    %store/vec4 v0x557dc8e5f0c0_0, 0, 32;
    %jmp T_5.23;
T_5.20 ;
    %pushi/vec4 0, 0, 1;
    %store/vec4 v0x557dc8e5f780_0, 0, 1;
    %load/vec4 v0x557dc8e5f280_0;
    %store/vec4 v0x557dc8e5f6c0_0, 0, 5;
    %load/vec4 v0x557dc8e5f840_0;
    %store/vec4 v0x557dc8e5f360_0, 0, 5;
    %load/vec4 v0x557dc8e5f920_0;
    %store/vec4 v0x557dc8e5f520_0, 0, 5;
    %load/vec4 v0x557dc8e5f440_0;
    %store/vec4 v0x557dc8e5ef90_0, 0, 32;
    %load/vec4 v0x557dc8e5f600_0;
    %store/vec4 v0x557dc8e5f0c0_0, 0, 32;
    %jmp T_5.23;
T_5.21 ;
    %pushi/vec4 0, 0, 1;
    %store/vec4 v0x557dc8e5f780_0, 0, 1;
    %load/vec4 v0x557dc8e5f280_0;
    %store/vec4 v0x557dc8e5f6c0_0, 0, 5;
    %load/vec4 v0x557dc8e5f840_0;
    %store/vec4 v0x557dc8e5f360_0, 0, 5;
    %load/vec4 v0x557dc8e5f920_0;
    %store/vec4 v0x557dc8e5f520_0, 0, 5;
    %load/vec4 v0x557dc8e5f440_0;
    %store/vec4 v0x557dc8e5ef90_0, 0, 32;
    %load/vec4 v0x557dc8e5f600_0;
    %store/vec4 v0x557dc8e5f0c0_0, 0, 32;
    %jmp T_5.23;
T_5.23 ;
    %pop/vec4 1;
    %jmp T_5.3;
T_5.3 ;
    %pop/vec4 1;
    %jmp T_5;
    .thread T_5, $push;
    .scope S_0x557dc8e628d0;
T_6 ;
    %wait E_0x557dc8e0c400;
    %load/vec4 v0x557dc8e638d0_0;
    %cmpi/e 0, 0, 1;
    %jmp/0xz  T_6.0, 4;
    %load/vec4 v0x557dc8e63b80_0;
    %pushi/vec4 1, 0, 1;
    %cmp/e;
    %flag_get/vec4 4;
    %load/vec4 v0x557dc8e63970_0;
    %pushi/vec4 0, 0, 5;
    %cmp/ne;
    %flag_get/vec4 4;
    %and;
    %flag_set/vec4 8;
    %jmp/0xz  T_6.2, 8;
    %load/vec4 v0x557dc8e63a30_0;
    %load/vec4 v0x557dc8e63970_0;
    %pad/u 7;
    %ix/vec4 3;
    %ix/load 4, 0, 0; Constant delay
    %assign/vec4/a/d v0x557dc8e63300, 0, 4;
T_6.2 ;
T_6.0 ;
    %jmp T_6;
    .thread T_6;
    .scope S_0x557dc8e628d0;
T_7 ;
    %wait E_0x557dc8e62d30;
    %load/vec4 v0x557dc8e62ff0_0;
    %cmpi/e 0, 0, 5;
    %jmp/0xz  T_7.0, 4;
    %pushi/vec4 0, 0, 32;
    %store/vec4 v0x557dc8e63150_0, 0, 32;
    %jmp T_7.1;
T_7.0 ;
    %load/vec4 v0x557dc8e62ff0_0;
    %load/vec4 v0x557dc8e63970_0;
    %cmp/e;
    %flag_get/vec4 4;
    %load/vec4 v0x557dc8e63b80_0;
    %pushi/vec4 1, 0, 1;
    %cmp/e;
    %flag_get/vec4 4;
    %and;
    %flag_set/vec4 8;
    %jmp/0xz  T_7.2, 8;
    %load/vec4 v0x557dc8e63a30_0;
    %store/vec4 v0x557dc8e63150_0, 0, 32;
    %jmp T_7.3;
T_7.2 ;
    %load/vec4 v0x557dc8e62ff0_0;
    %pad/u 7;
    %ix/vec4 4;
    %load/vec4a v0x557dc8e63300, 4;
    %store/vec4 v0x557dc8e63150_0, 0, 32;
T_7.3 ;
T_7.1 ;
    %jmp T_7;
    .thread T_7, $push;
    .scope S_0x557dc8e628d0;
T_8 ;
    %wait E_0x557dc8e0c7e0;
    %load/vec4 v0x557dc8e630b0_0;
    %cmpi/e 0, 0, 5;
    %jmp/0xz  T_8.0, 4;
    %pushi/vec4 0, 0, 32;
    %store/vec4 v0x557dc8e631f0_0, 0, 32;
    %jmp T_8.1;
T_8.0 ;
    %load/vec4 v0x557dc8e630b0_0;
    %load/vec4 v0x557dc8e63970_0;
    %cmp/e;
    %flag_get/vec4 4;
    %load/vec4 v0x557dc8e63b80_0;
    %pushi/vec4 1, 0, 1;
    %cmp/e;
    %flag_get/vec4 4;
    %and;
    %flag_set/vec4 8;
    %jmp/0xz  T_8.2, 8;
    %load/vec4 v0x557dc8e63a30_0;
    %store/vec4 v0x557dc8e631f0_0, 0, 32;
    %jmp T_8.3;
T_8.2 ;
    %load/vec4 v0x557dc8e630b0_0;
    %pad/u 7;
    %ix/vec4 4;
    %load/vec4a v0x557dc8e63300, 4;
    %store/vec4 v0x557dc8e631f0_0, 0, 32;
T_8.3 ;
T_8.1 ;
    %jmp T_8;
    .thread T_8, $push;
    .scope S_0x557dc8e303a0;
T_9 ;
    %delay 10, 0;
    %load/vec4 v0x557dc8e65c40_0;
    %inv;
    %store/vec4 v0x557dc8e65c40_0, 0, 1;
    %jmp T_9;
    .thread T_9;
    .scope S_0x557dc8e303a0;
T_10 ;
    %fork t_1, S_0x557dc8e61c60;
    %jmp t_0;
    .scope S_0x557dc8e61c60;
t_1 ;
    %pushi/vec4 0, 0, 32;
    %store/vec4 v0x557dc8e61e20_0, 0, 32;
T_10.0 ;
    %load/vec4 v0x557dc8e61e20_0;
    %cmpi/s 32, 0, 32;
    %jmp/0xz T_10.1, 5;
    %load/vec4 v0x557dc8e61e20_0;
    %ix/getv/s 4, v0x557dc8e61e20_0;
    %store/vec4a v0x557dc8e63300, 4, 0;
    %vpi_call 2 50 "$display", "x%-2d:0x%h", v0x557dc8e61e20_0, &A<v0x557dc8e63300, v0x557dc8e61e20_0 > {0 0 0};
    %load/vec4 v0x557dc8e61e20_0;
    %addi 1, 0, 32;
    %store/vec4 v0x557dc8e61e20_0, 0, 32;
    %jmp T_10.0;
T_10.1 ;
    %end;
    .scope S_0x557dc8e303a0;
t_0 %join;
    %end;
    .thread T_10;
    .scope S_0x557dc8e303a0;
T_11 ;
    %vpi_call 2 55 "$dumpfile", "./wave.vcd" {0 0 0};
    %vpi_call 2 56 "$dumpvars", 32'sb00000000000000000000000000000000, S_0x557dc8e61f00 {0 0 0};
    %vpi_call 2 57 "$dumpvars", 32'sb00000000000000000000000000000000, S_0x557dc8e63d20 {0 0 0};
    %vpi_call 2 58 "$dumpvars", 32'sb00000000000000000000000000000000, S_0x557dc8e5fc80 {0 0 0};
    %vpi_call 2 59 "$dumpvars", 32'sb00000000000000000000000000000000, S_0x557dc8df1f90 {0 0 0};
    %vpi_call 2 60 "$dumpvars", 32'sb00000000000000000000000000000000, S_0x557dc8e628d0 {0 0 0};
    %pushi/vec4 0, 0, 1;
    %store/vec4 v0x557dc8e65c40_0, 0, 1;
    %pushi/vec4 0, 0, 1;
    %store/vec4 v0x557dc8e66c40_0, 0, 1;
    %pushi/vec4 0, 0, 1;
    %store/vec4 v0x557dc8e66760_0, 0, 1;
    %pushi/vec4 0, 0, 32;
    %store/vec4 v0x557dc8e666a0_0, 0, 32;
    %pushi/vec4 0, 0, 3;
    %store/vec4 v0x557dc8e65dc0_0, 0, 3;
    %pushi/vec4 0, 0, 32;
    %store/vec4 v0x557dc8e66ce0_0, 0, 32;
    %delay 10, 0;
    %pushi/vec4 1, 0, 1;
    %store/vec4 v0x557dc8e66c40_0, 0, 1;
    %delay 10, 0;
    %pushi/vec4 0, 0, 1;
    %store/vec4 v0x557dc8e66c40_0, 0, 1;
    %delay 100, 0;
    %pushi/vec4 1, 0, 3;
    %store/vec4 v0x557dc8e65dc0_0, 0, 3;
    %delay 300, 0;
    %pushi/vec4 1, 0, 1;
    %store/vec4 v0x557dc8e66760_0, 0, 1;
    %pushi/vec4 4, 0, 32;
    %store/vec4 v0x557dc8e666a0_0, 0, 32;
    %end;
    .thread T_11;
    .scope S_0x557dc8e303a0;
T_12 ;
    %delay 2000, 0;
    %vpi_call 2 76 "$display", "Time Out." {0 0 0};
    %vpi_call 2 77 "$finish" {0 0 0};
    %end;
    .thread T_12;
# The file index is used to find the file name in the following table.
:file_names 9;
    "N/A";
    "<interactive>";
    "/home/joknem/workspace/joknem_rv32/user/sim/top.v";
    "./../src/core/id.v";
    "./../src/core/if_id.v";
    "./../src/utils/gen_dff.v";
    "./../src/core/pc_reg.v";
    "./../src/core/regs.v";
    "./../src/peripherals/rom.v";
